<?xml version="1.0" encoding="utf-8"?><testsuites><testsuite name="pytest" errors="0" failures="0" skipped="0" tests="3" time="0.151" timestamp="2024-04-30T13:56:07.879414" hostname="fv-az1197-971"><testcase classname="tests.test_CesarStatisticsDecipher" name="test_CesarStatisticsDecipher" time="0.005" /><testcase classname="tests.test_Cipher" name="test_cipher" time="0.003" /><testcase classname="tests.test_FileHandler" name="test_FileHandler" time="0.010" /></testsuite></testsuites>